
Showing All Issues

Build target Runner of project Runner with configuration Debug
note: Run script build phase 'Run Script' will be run during every build because the option to run the script phase "Based on dependency analysis" is unchecked. (in target 'Runner' from project 'Runner')
note: Run script build phase 'Thin Binary' will be run during every build because the option to run the script phase "Based on dependency analysis" is unchecked. (in target 'Runner' from project 'Runner')


Run script build phase 'Run Script' will be run during every build because the option to run the script phase "Based on dependency analysis" is unchecked.

Run script build phase 'Thin Binary' will be run during every build because the option to run the script phase "Based on dependency analysis" is unchecked.

GenerateAssetSymbols /Users/user01/Desktop/mobileApp/book-luck-app/ios/Runner/Assets.xcassets (in target 'Runner' from project 'Runner')
    cd /Users/user01/Desktop/mobileApp/book-luck-app/ios
    /Applications/Xcode.app/Contents/Developer/usr/bin/actool --output-format human-readable-text --notices --warnings --export-dependency-info /Users/user01/Library/Developer/Xcode/DerivedData/Runner-aynzhxhsxxoduddmhjosxsklbawr/Build/Intermediates.noindex/Runner.build/Debug-iphoneos/Runner.build/assetcatalog_dependencies --output-partial-info-plist /Users/user01/Library/Developer/Xcode/DerivedData/Runner-aynzhxhsxxoduddmhjosxsklbawr/Build/Intermediates.noindex/Runner.build/Debug-iphoneos/Runner.build/assetcatalog_generated_info.plist --app-icon AppIcon --compress-pngs --enable-on-demand-resources YES --development-region en --target-device iphone --target-device ipad --minimum-deployment-target 12.0 --platform iphoneos --compile /Users/user01/Library/Developer/Xcode/DerivedData/Runner-aynzhxhsxxoduddmhjosxsklbawr/Build/Products/Debug-iphoneos/Runner.app /Users/user01/Desktop/mobileApp/book-luck-app/ios/Runner/Assets.xcassets --bundle-identifier com.jeehay.bookLuckAppDemo --generate-swift-asset-symbol-extensions NO --generate-swift-asset-symbols /Users/user01/Library/Developer/Xcode/DerivedData/Runner-aynzhxhsxxoduddmhjosxsklbawr/Build/Intermediates.noindex/Runner.build/Debug-iphoneos/Runner.build/DerivedSources/GeneratedAssetSymbols.swift --generate-objc-asset-symbols /Users/user01/Library/Developer/Xcode/DerivedData/Runner-aynzhxhsxxoduddmhjosxsklbawr/Build/Intermediates.noindex/Runner.build/Debug-iphoneos/Runner.build/DerivedSources/GeneratedAssetSymbols.h --generate-asset-symbol-index /Users/user01/Library/Developer/Xcode/DerivedData/Runner-aynzhxhsxxoduddmhjosxsklbawr/Build/Intermediates.noindex/Runner.build/Debug-iphoneos/Runner.build/DerivedSources/GeneratedAssetSymbols-Index.plist

/* com.apple.actool.document.warnings */
/Users/user01/Desktop/mobileApp/book-luck-app/ios/Runner/Assets.xcassets:./AppIcon.appiconset/(null)[2d][Icon-App-1024x1024@1x.png]: warning: The app icon set "AppIcon" has 15 unassigned children.
/* com.apple.actool.compilation-results */
/Users/user01/Library/Developer/Xcode/DerivedData/Runner-aynzhxhsxxoduddmhjosxsklbawr/Build/Intermediates.noindex/Runner.build/Debug-iphoneos/Runner.build/DerivedSources/GeneratedAssetSymbols-Index.plist
/Users/user01/Library/Developer/Xcode/DerivedData/Runner-aynzhxhsxxoduddmhjosxsklbawr/Build/Intermediates.noindex/Runner.build/Debug-iphoneos/Runner.build/DerivedSources/GeneratedAssetSymbols.h
/Users/user01/Library/Developer/Xcode/DerivedData/Runner-aynzhxhsxxoduddmhjosxsklbawr/Build/Intermediates.noindex/Runner.build/Debug-iphoneos/Runner.build/DerivedSources/GeneratedAssetSymbols.swift


/Users/user01/Desktop/mobileApp/book-luck-app/ios/Runner/Assets.xcassets:./AppIcon.appiconset/(null)[2d][Icon-App-1024x1024@1x.png]: The app icon set "AppIcon" has 15 unassigned children.

CompileAssetCatalogVariant thinned /Users/user01/Library/Developer/Xcode/DerivedData/Runner-aynzhxhsxxoduddmhjosxsklbawr/Build/Products/Debug-iphoneos/Runner.app /Users/user01/Desktop/mobileApp/book-luck-app/ios/Runner/Assets.xcassets (in target 'Runner' from project 'Runner')
    cd /Users/user01/Desktop/mobileApp/book-luck-app/ios
    /Applications/Xcode.app/Contents/Developer/usr/bin/actool --output-format human-readable-text --notices --warnings --export-dependency-info /Users/user01/Library/Developer/Xcode/DerivedData/Runner-aynzhxhsxxoduddmhjosxsklbawr/Build/Intermediates.noindex/Runner.build/Debug-iphoneos/Runner.build/assetcatalog_dependencies_thinned --output-partial-info-plist /Users/user01/Library/Developer/Xcode/DerivedData/Runner-aynzhxhsxxoduddmhjosxsklbawr/Build/Intermediates.noindex/Runner.build/Debug-iphoneos/Runner.build/assetcatalog_generated_info.plist --app-icon AppIcon --compress-pngs --enable-on-demand-resources YES --filter-for-thinning-device-configuration iPhone12,5 --filter-for-device-os-version 18.3.2 --development-region en --target-device iphone --target-device ipad --minimum-deployment-target 12.0 --platform iphoneos --compile /Users/user01/Library/Developer/Xcode/DerivedData/Runner-aynzhxhsxxoduddmhjosxsklbawr/Build/Intermediates.noindex/Runner.build/Debug-iphoneos/Runner.build/assetcatalog_output/thinned /Users/user01/Desktop/mobileApp/book-luck-app/ios/Runner/Assets.xcassets

/* com.apple.actool.document.warnings */
/Users/user01/Desktop/mobileApp/book-luck-app/ios/Runner/Assets.xcassets:./AppIcon.appiconset/(null)[2d][Icon-App-1024x1024@1x.png]: warning: The app icon set "AppIcon" has 15 unassigned children.
/Users/user01/Desktop/mobileApp/book-luck-app/ios/Runner/Assets.xcassets:./AppIcon.appiconset/(null)[2d][Icon-App-1024x1024@1x.png]: warning: The app icon set "AppIcon" has 15 unassigned children.
/* com.apple.actool.document.notices */
/Users/user01/Desktop/mobileApp/book-luck-app/ios/Runner/Assets.xcassets:./AppIcon.appiconset/[][ipad][76x76][][][1x][][][][]: notice: 76x76@1x app icons only apply to iPad apps targeting releases of iOS prior to 10.0.
/* com.apple.actool.compilation-results */
/Users/user01/Library/Developer/Xcode/DerivedData/Runner-aynzhxhsxxoduddmhjosxsklbawr/Build/Intermediates.noindex/Runner.build/Debug-iphoneos/Runner.build/assetcatalog_generated_info.plist
/Users/user01/Library/Developer/Xcode/DerivedData/Runner-aynzhxhsxxoduddmhjosxsklbawr/Build/Intermediates.noindex/Runner.build/Debug-iphoneos/Runner.build/assetcatalog_output/thinned/AppIcon60x60@2x.png
/Users/user01/Library/Developer/Xcode/DerivedData/Runner-aynzhxhsxxoduddmhjosxsklbawr/Build/Intermediates.noindex/Runner.build/Debug-iphoneos/Runner.build/assetcatalog_output/thinned/AppIcon76x76@2x~ipad.png
/Users/user01/Library/Developer/Xcode/DerivedData/Runner-aynzhxhsxxoduddmhjosxsklbawr/Build/Intermediates.noindex/Runner.build/Debug-iphoneos/Runner.build/assetcatalog_output/thinned/Assets.car


/Users/user01/Desktop/mobileApp/book-luck-app/ios/Runner/Assets.xcassets:./AppIcon.appiconset/(null)[2d][Icon-App-1024x1024@1x.png]: The app icon set "AppIcon" has 15 unassigned children.

/Users/user01/Desktop/mobileApp/book-luck-app/ios/Runner/Assets.xcassets:./AppIcon.appiconset/(null)[2d][Icon-App-1024x1024@1x.png]: The app icon set "AppIcon" has 15 unassigned children.

/Users/user01/Desktop/mobileApp/book-luck-app/ios/Runner/Assets.xcassets:./AppIcon.appiconset/[][ipad][76x76][][][1x][][][][]: 76x76@1x app icons only apply to iPad apps targeting releases of iOS prior to 10.0.

SwiftGeneratePch normal arm64 Compiling\ bridging\ header (in target 'Runner' from project 'Runner')
    cd /Users/user01/Desktop/mobileApp/book-luck-app/ios
    builtin-swiftTaskExecution -- /Applications/Xcode.app/Contents/Developer/Toolchains/XcodeDefault.xctoolchain/usr/bin/swift-frontend -frontend -target arm64-apple-ios12.0 -Xllvm -aarch64-use-tbi -enable-objc-interop -sdk /Applications/Xcode.app/Contents/Developer/Platforms/iPhoneOS.platform/Developer/SDKs/iPhoneOS18.2.sdk -I /Users/user01/Library/Developer/Xcode/DerivedData/Runner-aynzhxhsxxoduddmhjosxsklbawr/Build/Products/Debug-iphoneos -F /Users/user01/Library/Developer/Xcode/DerivedData/Runner-aynzhxhsxxoduddmhjosxsklbawr/Build/Products/Debug-iphoneos -no-color-diagnostics -enable-testing -g -debug-info-format\=dwarf -dwarf-version\=4 -module-cache-path /Users/user01/Library/Developer/Xcode/DerivedData/ModuleCache.noindex -swift-version 5 -enforce-exclusivity\=checked -Onone -serialize-debugging-options -const-gather-protocols-file /Users/user01/Library/Developer/Xcode/DerivedData/Runner-aynzhxhsxxoduddmhjosxsklbawr/Build/Intermediates.noindex/Runner.build/Debug-iphoneos/Runner.build/Objects-normal/arm64/Runner_const_extract_protocols.json -enable-experimental-feature DebugDescriptionMacro -enable-experimental-feature OpaqueTypeErasure -enable-bare-slash-regex -empty-abi-descriptor -validate-clang-modules-once -clang-build-session-file /Users/user01/Library/Developer/Xcode/DerivedData/ModuleCache.noindex/Session.modulevalidation -Xcc -working-directory -Xcc /Users/user01/Desktop/mobileApp/book-luck-app/ios -resource-dir /Applications/Xcode.app/Contents/Developer/Toolchains/XcodeDefault.xctoolchain/usr/lib/swift -enable-anonymous-context-mangled-names -file-compilation-dir /Users/user01/Desktop/mobileApp/book-luck-app/ios -Xcc -D_LIBCPP_HARDENING_MODE\=_LIBCPP_HARDENING_MODE_DEBUG -Xcc -ivfsstatcache -Xcc /Users/user01/Library/Developer/Xcode/DerivedData/SDKStatCaches.noindex/iphoneos18.2-22C146-d5b9239ec3bf5b3adbecdf21472871e3.sdkstatcache -Xcc -I/Users/user01/Library/Developer/Xcode/DerivedData/Runner-aynzhxhsxxoduddmhjosxsklbawr/Build/Intermediates.noindex/Runner.build/Debug-iphoneos/Runner.build/swift-overrides.hmap -Xcc -iquote -Xcc /Users/user01/Library/Developer/Xcode/DerivedData/Runner-aynzhxhsxxoduddmhjosxsklbawr/Build/Intermediates.noindex/Runner.build/Debug-iphoneos/Runner.build/Runner-generated-files.hmap -Xcc -I/Users/user01/Library/Developer/Xcode/DerivedData/Runner-aynzhxhsxxoduddmhjosxsklbawr/Build/Intermediates.noindex/Runner.build/Debug-iphoneos/Runner.build/Runner-own-target-headers.hmap -Xcc -I/Users/user01/Library/Developer/Xcode/DerivedData/Runner-aynzhxhsxxoduddmhjosxsklbawr/Build/Intermediates.noindex/Runner.build/Debug-iphoneos/Runner.build/Runner-all-non-framework-target-headers.hmap -Xcc -ivfsoverlay -Xcc /Users/user01/Library/Developer/Xcode/DerivedData/Runner-aynzhxhsxxoduddmhjosxsklbawr/Build/Intermediates.noindex/Runner.build/Debug-iphoneos/Runner-18c1723432283e0cc55f10a6dcfd9e02-VFS-iphoneos/all-product-headers.yaml -Xcc -iquote -Xcc /Users/user01/Library/Developer/Xcode/DerivedData/Runner-aynzhxhsxxoduddmhjosxsklbawr/Build/Intermediates.noindex/Runner.build/Debug-iphoneos/Runner.build/Runner-project-headers.hmap -Xcc -I/Users/user01/Library/Developer/Xcode/DerivedData/Runner-aynzhxhsxxoduddmhjosxsklbawr/Build/Products/Debug-iphoneos/include -Xcc -I/Users/user01/Library/Developer/Xcode/DerivedData/Runner-aynzhxhsxxoduddmhjosxsklbawr/Build/Intermediates.noindex/Runner.build/Debug-iphoneos/Runner.build/DerivedSources-normal/arm64 -Xcc -I/Users/user01/Library/Developer/Xcode/DerivedData/Runner-aynzhxhsxxoduddmhjosxsklbawr/Build/Intermediates.noindex/Runner.build/Debug-iphoneos/Runner.build/DerivedSources/arm64 -Xcc -I/Users/user01/Library/Developer/Xcode/DerivedData/Runner-aynzhxhsxxoduddmhjosxsklbawr/Build/Intermediates.noindex/Runner.build/Debug-iphoneos/Runner.build/DerivedSources -Xcc -DDEBUG\=1 -Xcc -DCOCOAPODS\=1 -import-objc-header /Users/user01/Desktop/mobileApp/book-luck-app/ios/Runner/Runner-Bridging-Header.h -module-name Runner -frontend-parseable-output -disable-clang-spi -target-sdk-version 18.2 -target-sdk-name iphoneos18.2 -external-plugin-path /Applications/Xcode.app/Contents/Developer/Platforms/iPhoneOS.platform/Developer/usr/lib/swift/host/plugins\#/Applications/Xcode.app/Contents/Developer/Platforms/iPhoneOS.platform/Developer/usr/bin/swift-plugin-server -external-plugin-path /Applications/Xcode.app/Contents/Developer/Platforms/iPhoneOS.platform/Developer/usr/local/lib/swift/host/plugins\#/Applications/Xcode.app/Contents/Developer/Platforms/iPhoneOS.platform/Developer/usr/bin/swift-plugin-server -plugin-path /Applications/Xcode.app/Contents/Developer/Toolchains/XcodeDefault.xctoolchain/usr/lib/swift/host/plugins -plugin-path /Applications/Xcode.app/Contents/Developer/Toolchains/XcodeDefault.xctoolchain/usr/local/lib/swift/host/plugins -index-store-path /Users/user01/Library/Developer/Xcode/DerivedData/Runner-aynzhxhsxxoduddmhjosxsklbawr/Index.noindex/DataStore -emit-pch -serialize-diagnostics-path /Users/user01/Library/Developer/Xcode/DerivedData/Runner-aynzhxhsxxoduddmhjosxsklbawr/Build/Intermediates.noindex/PrecompiledHeaders/Runner-Bridging-Header-38refyow7ggmx.dia -pch-output-dir /Users/user01/Library/Developer/Xcode/DerivedData/Runner-aynzhxhsxxoduddmhjosxsklbawr/Build/Intermediates.noindex/PrecompiledHeaders /Users/user01/Desktop/mobileApp/book-luck-app/ios/Runner/Runner-Bridging-Header.h

1 error generated.
Command SwiftGeneratePch emitted errors but did not return a nonzero exit code to indicate failure

Command SwiftGeneratePch emitted errors but did not return a nonzero exit code to indicate failure

PrecompileSwiftBridgingHeader normal arm64 (in target 'Runner' from project 'Runner')
    cd /Users/user01/Desktop/mobileApp/book-luck-app/ios
    /Applications/Xcode.app/Contents/Developer/Toolchains/XcodeDefault.xctoolchain/usr/bin/swift-frontend -target arm64-apple-ios12.0 -Xllvm -aarch64-use-tbi -enable-objc-interop -sdk /Applications/Xcode.app/Contents/Developer/Platforms/iPhoneOS.platform/Developer/SDKs/iPhoneOS18.2.sdk -I /Users/user01/Library/Developer/Xcode/DerivedData/Runner-aynzhxhsxxoduddmhjosxsklbawr/Build/Products/Debug-iphoneos -F /Users/user01/Library/Developer/Xcode/DerivedData/Runner-aynzhxhsxxoduddmhjosxsklbawr/Build/Products/Debug-iphoneos -no-color-diagnostics -enable-testing -g -debug-info-format\=dwarf -dwarf-version\=4 -module-cache-path /Users/user01/Library/Developer/Xcode/DerivedData/ModuleCache.noindex -swift-version 5 -enforce-exclusivity\=checked -Onone -serialize-debugging-options -const-gather-protocols-file /Users/user01/Library/Developer/Xcode/DerivedData/Runner-aynzhxhsxxoduddmhjosxsklbawr/Build/Intermediates.noindex/Runner.build/Debug-iphoneos/Runner.build/Objects-normal/arm64/Runner_const_extract_protocols.json -enable-experimental-feature DebugDescriptionMacro -enable-experimental-feature OpaqueTypeErasure -enable-bare-slash-regex -empty-abi-descriptor -validate-clang-modules-once -clang-build-session-file /Users/user01/Library/Developer/Xcode/DerivedData/ModuleCache.noindex/Session.modulevalidation -Xcc -working-directory -Xcc /Users/user01/Desktop/mobileApp/book-luck-app/ios -resource-dir /Applications/Xcode.app/Contents/Developer/Toolchains/XcodeDefault.xctoolchain/usr/lib/swift -enable-anonymous-context-mangled-names -file-compilation-dir /Users/user01/Desktop/mobileApp/book-luck-app/ios -Xcc -D_LIBCPP_HARDENING_MODE\=_LIBCPP_HARDENING_MODE_DEBUG -Xcc -ivfsstatcache -Xcc /Users/user01/Library/Developer/Xcode/DerivedData/SDKStatCaches.noindex/iphoneos18.2-22C146-d5b9239ec3bf5b3adbecdf21472871e3.sdkstatcache -Xcc -I/Users/user01/Library/Developer/Xcode/DerivedData/Runner-aynzhxhsxxoduddmhjosxsklbawr/Build/Intermediates.noindex/Runner.build/Debug-iphoneos/Runner.build/swift-overrides.hmap -Xcc -iquote -Xcc /Users/user01/Library/Developer/Xcode/DerivedData/Runner-aynzhxhsxxoduddmhjosxsklbawr/Build/Intermediates.noindex/Runner.build/Debug-iphoneos/Runner.build/Runner-generated-files.hmap -Xcc -I/Users/user01/Library/Developer/Xcode/DerivedData/Runner-aynzhxhsxxoduddmhjosxsklbawr/Build/Intermediates.noindex/Runner.build/Debug-iphoneos/Runner.build/Runner-own-target-headers.hmap -Xcc -I/Users/user01/Library/Developer/Xcode/DerivedData/Runner-aynzhxhsxxoduddmhjosxsklbawr/Build/Intermediates.noindex/Runner.build/Debug-iphoneos/Runner.build/Runner-all-non-framework-target-headers.hmap -Xcc -ivfsoverlay -Xcc /Users/user01/Library/Developer/Xcode/DerivedData/Runner-aynzhxhsxxoduddmhjosxsklbawr/Build/Intermediates.noindex/Runner.build/Debug-iphoneos/Runner-18c1723432283e0cc55f10a6dcfd9e02-VFS-iphoneos/all-product-headers.yaml -Xcc -iquote -Xcc /Users/user01/Library/Developer/Xcode/DerivedData/Runner-aynzhxhsxxoduddmhjosxsklbawr/Build/Intermediates.noindex/Runner.build/Debug-iphoneos/Runner.build/Runner-project-headers.hmap -Xcc -I/Users/user01/Library/Developer/Xcode/DerivedData/Runner-aynzhxhsxxoduddmhjosxsklbawr/Build/Products/Debug-iphoneos/include -Xcc -I/Users/user01/Library/Developer/Xcode/DerivedData/Runner-aynzhxhsxxoduddmhjosxsklbawr/Build/Intermediates.noindex/Runner.build/Debug-iphoneos/Runner.build/DerivedSources-normal/arm64 -Xcc -I/Users/user01/Library/Developer/Xcode/DerivedData/Runner-aynzhxhsxxoduddmhjosxsklbawr/Build/Intermediates.noindex/Runner.build/Debug-iphoneos/Runner.build/DerivedSources/arm64 -Xcc -I/Users/user01/Library/Developer/Xcode/DerivedData/Runner-aynzhxhsxxoduddmhjosxsklbawr/Build/Intermediates.noindex/Runner.build/Debug-iphoneos/Runner.build/DerivedSources -Xcc -DDEBUG\=1 -Xcc -DCOCOAPODS\=1 -import-objc-header /Users/user01/Desktop/mobileApp/book-luck-app/ios/Runner/Runner-Bridging-Header.h -module-name Runner -frontend-parseable-output -disable-clang-spi -target-sdk-version 18.2 -target-sdk-name iphoneos18.2 -external-plugin-path /Applications/Xcode.app/Contents/Developer/Platforms/iPhoneOS.platform/Developer/usr/lib/swift/host/plugins\#/Applications/Xcode.app/Contents/Developer/Platforms/iPhoneOS.platform/Developer/usr/bin/swift-plugin-server -external-plugin-path /Applications/Xcode.app/Contents/Developer/Platforms/iPhoneOS.platform/Developer/usr/local/lib/swift/host/plugins\#/Applications/Xcode.app/Contents/Developer/Platforms/iPhoneOS.platform/Developer/usr/bin/swift-plugin-server -plugin-path /Applications/Xcode.app/Contents/Developer/Toolchains/XcodeDefault.xctoolchain/usr/lib/swift/host/plugins -plugin-path /Applications/Xcode.app/Contents/Developer/Toolchains/XcodeDefault.xctoolchain/usr/local/lib/swift/host/plugins -index-store-path /Users/user01/Library/Developer/Xcode/DerivedData/Runner-aynzhxhsxxoduddmhjosxsklbawr/Index.noindex/DataStore -emit-pch -serialize-diagnostics-path /Users/user01/Library/Developer/Xcode/DerivedData/Runner-aynzhxhsxxoduddmhjosxsklbawr/Build/Intermediates.noindex/PrecompiledHeaders/Runner-Bridging-Header-38refyow7ggmx.dia -pch-output-dir /Users/user01/Library/Developer/Xcode/DerivedData/Runner-aynzhxhsxxoduddmhjosxsklbawr/Build/Intermediates.noindex/PrecompiledHeaders /Users/user01/Desktop/mobileApp/book-luck-app/ios/Runner/Runner-Bridging-Header.h

<unknown>:0: error: no such file or directory: '/Users/user01/Library/Developer/Xcode/DerivedData/ModuleCache.noindex/Session.modulevalidation'
<unknown>:0: error: stat cache file '/Users/user01/Library/Developer/Xcode/DerivedData/SDKStatCaches.noindex/iphoneos18.2-22C146-d5b9239ec3bf5b3adbecdf21472871e3.sdkstatcache' not found
<unknown>:0: error: stat cache file '/Users/user01/Library/Developer/Xcode/DerivedData/SDKStatCaches.noindex/iphoneos18.2-22C146-d5b9239ec3bf5b3adbecdf21472871e3.sdkstatcache' not found
Command PrecompileSwiftBridgingHeader emitted errors but did not return a nonzero exit code to indicate failure

no such file or directory: '/Users/user01/Library/Developer/Xcode/DerivedData/ModuleCache.noindex/Session.modulevalidation'

stat cache file '/Users/user01/Library/Developer/Xcode/DerivedData/SDKStatCaches.noindex/iphoneos18.2-22C146-d5b9239ec3bf5b3adbecdf21472871e3.sdkstatcache' not found

stat cache file '/Users/user01/Library/Developer/Xcode/DerivedData/SDKStatCaches.noindex/iphoneos18.2-22C146-d5b9239ec3bf5b3adbecdf21472871e3.sdkstatcache' not found

Command PrecompileSwiftBridgingHeader emitted errors but did not return a nonzero exit code to indicate failure

SwiftCompile normal arm64 Compiling\ AppDelegate.swift /Users/user01/Desktop/mobileApp/book-luck-app/ios/Runner/AppDelegate.swift (in target 'Runner' from project 'Runner')
    cd /Users/user01/Desktop/mobileApp/book-luck-app/ios
    builtin-swiftTaskExecution -- /Applications/Xcode.app/Contents/Developer/Toolchains/XcodeDefault.xctoolchain/usr/bin/swift-frontend -frontend -c -primary-file /Users/user01/Desktop/mobileApp/book-luck-app/ios/Runner/AppDelegate.swift /Users/user01/Library/Developer/Xcode/DerivedData/Runner-aynzhxhsxxoduddmhjosxsklbawr/Build/Intermediates.noindex/Runner.build/Debug-iphoneos/Runner.build/DerivedSources/GeneratedAssetSymbols.swift -emit-dependencies-path /Users/user01/Library/Developer/Xcode/DerivedData/Runner-aynzhxhsxxoduddmhjosxsklbawr/Build/Intermediates.noindex/Runner.build/Debug-iphoneos/Runner.build/Objects-normal/arm64/AppDelegate.d -emit-const-values-path /Users/user01/Library/Developer/Xcode/DerivedData/Runner-aynzhxhsxxoduddmhjosxsklbawr/Build/Intermediates.noindex/Runner.build/Debug-iphoneos/Runner.build/Objects-normal/arm64/AppDelegate.swiftconstvalues -emit-reference-dependencies-path /Users/user01/Library/Developer/Xcode/DerivedData/Runner-aynzhxhsxxoduddmhjosxsklbawr/Build/Intermediates.noindex/Runner.build/Debug-iphoneos/Runner.build/Objects-normal/arm64/AppDelegate.swiftdeps -serialize-diagnostics-path /Users/user01/Library/Developer/Xcode/DerivedData/Runner-aynzhxhsxxoduddmhjosxsklbawr/Build/Intermediates.noindex/Runner.build/Debug-iphoneos/Runner.build/Objects-normal/arm64/AppDelegate.dia -target arm64-apple-ios12.0 -Xllvm -aarch64-use-tbi -enable-objc-interop -sdk /Applications/Xcode.app/Contents/Developer/Platforms/iPhoneOS.platform/Developer/SDKs/iPhoneOS18.2.sdk -I /Users/user01/Library/Developer/Xcode/DerivedData/Runner-aynzhxhsxxoduddmhjosxsklbawr/Build/Products/Debug-iphoneos -F /Users/user01/Library/Developer/Xcode/DerivedData/Runner-aynzhxhsxxoduddmhjosxsklbawr/Build/Products/Debug-iphoneos -no-color-diagnostics -enable-testing -g -debug-info-format\=dwarf -dwarf-version\=4 -module-cache-path /Users/user01/Library/Developer/Xcode/DerivedData/ModuleCache.noindex -swift-version 5 -enforce-exclusivity\=checked -Onone -serialize-debugging-options -const-gather-protocols-file /Users/user01/Library/Developer/Xcode/DerivedData/Runner-aynzhxhsxxoduddmhjosxsklbawr/Build/Intermediates.noindex/Runner.build/Debug-iphoneos/Runner.build/Objects-normal/arm64/Runner_const_extract_protocols.json -enable-experimental-feature DebugDescriptionMacro -enable-experimental-feature OpaqueTypeErasure -enable-bare-slash-regex -empty-abi-descriptor -validate-clang-modules-once -clang-build-session-file /Users/user01/Library/Developer/Xcode/DerivedData/ModuleCache.noindex/Session.modulevalidation -Xcc -working-directory -Xcc /Users/user01/Desktop/mobileApp/book-luck-app/ios -resource-dir /Applications/Xcode.app/Contents/Developer/Toolchains/XcodeDefault.xctoolchain/usr/lib/swift -enable-anonymous-context-mangled-names -file-compilation-dir /Users/user01/Desktop/mobileApp/book-luck-app/ios -Xcc -D_LIBCPP_HARDENING_MODE\=_LIBCPP_HARDENING_MODE_DEBUG -Xcc -ivfsstatcache -Xcc /Users/user01/Library/Developer/Xcode/DerivedData/SDKStatCaches.noindex/iphoneos18.2-22C146-d5b9239ec3bf5b3adbecdf21472871e3.sdkstatcache -Xcc -I/Users/user01/Library/Developer/Xcode/DerivedData/Runner-aynzhxhsxxoduddmhjosxsklbawr/Build/Intermediates.noindex/Runner.build/Debug-iphoneos/Runner.build/swift-overrides.hmap -Xcc -iquote -Xcc /Users/user01/Library/Developer/Xcode/DerivedData/Runner-aynzhxhsxxoduddmhjosxsklbawr/Build/Intermediates.noindex/Runner.build/Debug-iphoneos/Runner.build/Runner-generated-files.hmap -Xcc -I/Users/user01/Library/Developer/Xcode/DerivedData/Runner-aynzhxhsxxoduddmhjosxsklbawr/Build/Intermediates.noindex/Runner.build/Debug-iphoneos/Runner.build/Runner-own-target-headers.hmap -Xcc -I/Users/user01/Library/Developer/Xcode/DerivedData/Runner-aynzhxhsxxoduddmhjosxsklbawr/Build/Intermediates.noindex/Runner.build/Debug-iphoneos/Runner.build/Runner-all-non-framework-target-headers.hmap -Xcc -ivfsoverlay -Xcc /Users/user01/Library/Developer/Xcode/DerivedData/Runner-aynzhxhsxxoduddmhjosxsklbawr/Build/Intermediates.noindex/Runner.build/Debug-iphoneos/Runner-18c1723432283e0cc55f10a6dcfd9e02-VFS-iphoneos/all-product-headers.yaml -Xcc -iquote -Xcc /Users/user01/Library/Developer/Xcode/DerivedData/Runner-aynzhxhsxxoduddmhjosxsklbawr/Build/Intermediates.noindex/Runner.build/Debug-iphoneos/Runner.build/Runner-project-headers.hmap -Xcc -I/Users/user01/Library/Developer/Xcode/DerivedData/Runner-aynzhxhsxxoduddmhjosxsklbawr/Build/Products/Debug-iphoneos/include -Xcc -I/Users/user01/Library/Developer/Xcode/DerivedData/Runner-aynzhxhsxxoduddmhjosxsklbawr/Build/Intermediates.noindex/Runner.build/Debug-iphoneos/Runner.build/DerivedSources-normal/arm64 -Xcc -I/Users/user01/Library/Developer/Xcode/DerivedData/Runner-aynzhxhsxxoduddmhjosxsklbawr/Build/Intermediates.noindex/Runner.build/Debug-iphoneos/Runner.build/DerivedSources/arm64 -Xcc -I/Users/user01/Library/Developer/Xcode/DerivedData/Runner-aynzhxhsxxoduddmhjosxsklbawr/Build/Intermediates.noindex/Runner.build/Debug-iphoneos/Runner.build/DerivedSources -Xcc -DDEBUG\=1 -Xcc -DCOCOAPODS\=1 -import-objc-header /Users/user01/Desktop/mobileApp/book-luck-app/ios/Runner/Runner-Bridging-Header.h -pch-output-dir /Users/user01/Library/Developer/Xcode/DerivedData/Runner-aynzhxhsxxoduddmhjosxsklbawr/Build/Intermediates.noindex/PrecompiledHeaders -pch-disable-validation -module-name Runner -frontend-parseable-output -disable-clang-spi -target-sdk-version 18.2 -target-sdk-name iphoneos18.2 -external-plugin-path /Applications/Xcode.app/Contents/Developer/Platforms/iPhoneOS.platform/Developer/usr/lib/swift/host/plugins\#/Applications/Xcode.app/Contents/Developer/Platforms/iPhoneOS.platform/Developer/usr/bin/swift-plugin-server -external-plugin-path /Applications/Xcode.app/Contents/Developer/Platforms/iPhoneOS.platform/Developer/usr/local/lib/swift/host/plugins\#/Applications/Xcode.app/Contents/Developer/Platforms/iPhoneOS.platform/Developer/usr/bin/swift-plugin-server -plugin-path /Applications/Xcode.app/Contents/Developer/Toolchains/XcodeDefault.xctoolchain/usr/lib/swift/host/plugins -plugin-path /Applications/Xcode.app/Contents/Developer/Toolchains/XcodeDefault.xctoolchain/usr/local/lib/swift/host/plugins -o /Users/user01/Library/Developer/Xcode/DerivedData/Runner-aynzhxhsxxoduddmhjosxsklbawr/Build/Intermediates.noindex/Runner.build/Debug-iphoneos/Runner.build/Objects-normal/arm64/AppDelegate.o -index-unit-output-path /Runner.build/Debug-iphoneos/Runner.build/Objects-normal/arm64/AppDelegate.o -index-store-path /Users/user01/Library/Developer/Xcode/DerivedData/Runner-aynzhxhsxxoduddmhjosxsklbawr/Index.noindex/DataStore -index-system-modules

SwiftCompile normal arm64 /Users/user01/Desktop/mobileApp/book-luck-app/ios/Runner/AppDelegate.swift (in target 'Runner' from project 'Runner')
    cd /Users/user01/Desktop/mobileApp/book-luck-app/ios
    /Applications/Xcode.app/Contents/Developer/Toolchains/XcodeDefault.xctoolchain/usr/bin/swift-frontend -c -primary-file /Users/user01/Desktop/mobileApp/book-luck-app/ios/Runner/AppDelegate.swift /Users/user01/Library/Developer/Xcode/DerivedData/Runner-aynzhxhsxxoduddmhjosxsklbawr/Build/Intermediates.noindex/Runner.build/Debug-iphoneos/Runner.build/DerivedSources/GeneratedAssetSymbols.swift -emit-dependencies-path /Users/user01/Library/Developer/Xcode/DerivedData/Runner-aynzhxhsxxoduddmhjosxsklbawr/Build/Intermediates.noindex/Runner.build/Debug-iphoneos/Runner.build/Objects-normal/arm64/AppDelegate.d -emit-const-values-path /Users/user01/Library/Developer/Xcode/DerivedData/Runner-aynzhxhsxxoduddmhjosxsklbawr/Build/Intermediates.noindex/Runner.build/Debug-iphoneos/Runner.build/Objects-normal/arm64/AppDelegate.swiftconstvalues -emit-reference-dependencies-path /Users/user01/Library/Developer/Xcode/DerivedData/Runner-aynzhxhsxxoduddmhjosxsklbawr/Build/Intermediates.noindex/Runner.build/Debug-iphoneos/Runner.build/Objects-normal/arm64/AppDelegate.swiftdeps -serialize-diagnostics-path /Users/user01/Library/Developer/Xcode/DerivedData/Runner-aynzhxhsxxoduddmhjosxsklbawr/Build/Intermediates.noindex/Runner.build/Debug-iphoneos/Runner.build/Objects-normal/arm64/AppDelegate.dia -target arm64-apple-ios12.0 -Xllvm -aarch64-use-tbi -enable-objc-interop -sdk /Applications/Xcode.app/Contents/Developer/Platforms/iPhoneOS.platform/Developer/SDKs/iPhoneOS18.2.sdk -I /Users/user01/Library/Developer/Xcode/DerivedData/Runner-aynzhxhsxxoduddmhjosxsklbawr/Build/Products/Debug-iphoneos -F /Users/user01/Library/Developer/Xcode/DerivedData/Runner-aynzhxhsxxoduddmhjosxsklbawr/Build/Products/Debug-iphoneos -no-color-diagnostics -enable-testing -g -debug-info-format\=dwarf -dwarf-version\=4 -module-cache-path /Users/user01/Library/Developer/Xcode/DerivedData/ModuleCache.noindex -swift-version 5 -enforce-exclusivity\=checked -Onone -serialize-debugging-options -const-gather-protocols-file /Users/user01/Library/Developer/Xcode/DerivedData/Runner-aynzhxhsxxoduddmhjosxsklbawr/Build/Intermediates.noindex/Runner.build/Debug-iphoneos/Runner.build/Objects-normal/arm64/Runner_const_extract_protocols.json -enable-experimental-feature DebugDescriptionMacro -enable-experimental-feature OpaqueTypeErasure -enable-bare-slash-regex -empty-abi-descriptor -validate-clang-modules-once -clang-build-session-file /Users/user01/Library/Developer/Xcode/DerivedData/ModuleCache.noindex/Session.modulevalidation -Xcc -working-directory -Xcc /Users/user01/Desktop/mobileApp/book-luck-app/ios -resource-dir /Applications/Xcode.app/Contents/Developer/Toolchains/XcodeDefault.xctoolchain/usr/lib/swift -enable-anonymous-context-mangled-names -file-compilation-dir /Users/user01/Desktop/mobileApp/book-luck-app/ios -Xcc -D_LIBCPP_HARDENING_MODE\=_LIBCPP_HARDENING_MODE_DEBUG -Xcc -ivfsstatcache -Xcc /Users/user01/Library/Developer/Xcode/DerivedData/SDKStatCaches.noindex/iphoneos18.2-22C146-d5b9239ec3bf5b3adbecdf21472871e3.sdkstatcache -Xcc -I/Users/user01/Library/Developer/Xcode/DerivedData/Runner-aynzhxhsxxoduddmhjosxsklbawr/Build/Intermediates.noindex/Runner.build/Debug-iphoneos/Runner.build/swift-overrides.hmap -Xcc -iquote -Xcc /Users/user01/Library/Developer/Xcode/DerivedData/Runner-aynzhxhsxxoduddmhjosxsklbawr/Build/Intermediates.noindex/Runner.build/Debug-iphoneos/Runner.build/Runner-generated-files.hmap -Xcc -I/Users/user01/Library/Developer/Xcode/DerivedData/Runner-aynzhxhsxxoduddmhjosxsklbawr/Build/Intermediates.noindex/Runner.build/Debug-iphoneos/Runner.build/Runner-own-target-headers.hmap -Xcc -I/Users/user01/Library/Developer/Xcode/DerivedData/Runner-aynzhxhsxxoduddmhjosxsklbawr/Build/Intermediates.noindex/Runner.build/Debug-iphoneos/Runner.build/Runner-all-non-framework-target-headers.hmap -Xcc -ivfsoverlay -Xcc /Users/user01/Library/Developer/Xcode/DerivedData/Runner-aynzhxhsxxoduddmhjosxsklbawr/Build/Intermediates.noindex/Runner.build/Debug-iphoneos/Runner-18c1723432283e0cc55f10a6dcfd9e02-VFS-iphoneos/all-product-headers.yaml -Xcc -iquote -Xcc /Users/user01/Library/Developer/Xcode/DerivedData/Runner-aynzhxhsxxoduddmhjosxsklbawr/Build/Intermediates.noindex/Runner.build/Debug-iphoneos/Runner.build/Runner-project-headers.hmap -Xcc -I/Users/user01/Library/Developer/Xcode/DerivedData/Runner-aynzhxhsxxoduddmhjosxsklbawr/Build/Products/Debug-iphoneos/include -Xcc -I/Users/user01/Library/Developer/Xcode/DerivedData/Runner-aynzhxhsxxoduddmhjosxsklbawr/Build/Intermediates.noindex/Runner.build/Debug-iphoneos/Runner.build/DerivedSources-normal/arm64 -Xcc -I/Users/user01/Library/Developer/Xcode/DerivedData/Runner-aynzhxhsxxoduddmhjosxsklbawr/Build/Intermediates.noindex/Runner.build/Debug-iphoneos/Runner.build/DerivedSources/arm64 -Xcc -I/Users/user01/Library/Developer/Xcode/DerivedData/Runner-aynzhxhsxxoduddmhjosxsklbawr/Build/Intermediates.noindex/Runner.build/Debug-iphoneos/Runner.build/DerivedSources -Xcc -DDEBUG\=1 -Xcc -DCOCOAPODS\=1 -import-objc-header /Users/user01/Desktop/mobileApp/book-luck-app/ios/Runner/Runner-Bridging-Header.h -pch-output-dir /Users/user01/Library/Developer/Xcode/DerivedData/Runner-aynzhxhsxxoduddmhjosxsklbawr/Build/Intermediates.noindex/PrecompiledHeaders -pch-disable-validation -module-name Runner -frontend-parseable-output -disable-clang-spi -target-sdk-version 18.2 -target-sdk-name iphoneos18.2 -external-plugin-path /Applications/Xcode.app/Contents/Developer/Platforms/iPhoneOS.platform/Developer/usr/lib/swift/host/plugins\#/Applications/Xcode.app/Contents/Developer/Platforms/iPhoneOS.platform/Developer/usr/bin/swift-plugin-server -external-plugin-path /Applications/Xcode.app/Contents/Developer/Platforms/iPhoneOS.platform/Developer/usr/local/lib/swift/host/plugins\#/Applications/Xcode.app/Contents/Developer/Platforms/iPhoneOS.platform/Developer/usr/bin/swift-plugin-server -plugin-path /Applications/Xcode.app/Contents/Developer/Toolchains/XcodeDefault.xctoolchain/usr/lib/swift/host/plugins -plugin-path /Applications/Xcode.app/Contents/Developer/Toolchains/XcodeDefault.xctoolchain/usr/local/lib/swift/host/plugins -o /Users/user01/Library/Developer/Xcode/DerivedData/Runner-aynzhxhsxxoduddmhjosxsklbawr/Build/Intermediates.noindex/Runner.build/Debug-iphoneos/Runner.build/Objects-normal/arm64/AppDelegate.o -index-unit-output-path /Runner.build/Debug-iphoneos/Runner.build/Objects-normal/arm64/AppDelegate.o -index-store-path /Users/user01/Library/Developer/Xcode/DerivedData/Runner-aynzhxhsxxoduddmhjosxsklbawr/Index.noindex/DataStore -index-system-modules

<unknown>:0: error: no such file or directory: '/Users/user01/Library/Developer/Xcode/DerivedData/ModuleCache.noindex/Session.modulevalidation'
<unknown>:0: error: stat cache file '/Users/user01/Library/Developer/Xcode/DerivedData/SDKStatCaches.noindex/iphoneos18.2-22C146-d5b9239ec3bf5b3adbecdf21472871e3.sdkstatcache' not found
<unknown>:0: error: stat cache file '/Users/user01/Library/Developer/Xcode/DerivedData/SDKStatCaches.noindex/iphoneos18.2-22C146-d5b9239ec3bf5b3adbecdf21472871e3.sdkstatcache' not found
/Users/user01/Desktop/mobileApp/book-luck-app/ios/Runner/AppDelegate.swift:10:5: error: cannot find 'GeneratedPluginRegistrant' in scope
    GeneratedPluginRegistrant.register(with: self)
    ^~~~~~~~~~~~~~~~~~~~~~~~~

No such file or directory: '/Users/user01/Library/Developer/Xcode/DerivedData/ModuleCache.noindex/Session.modulevalidation'

Stat cache file '/Users/user01/Library/Developer/Xcode/DerivedData/SDKStatCaches.noindex/iphoneos18.2-22C146-d5b9239ec3bf5b3adbecdf21472871e3.sdkstatcache' not found

Stat cache file '/Users/user01/Library/Developer/Xcode/DerivedData/SDKStatCaches.noindex/iphoneos18.2-22C146-d5b9239ec3bf5b3adbecdf21472871e3.sdkstatcache' not found

/Users/user01/Desktop/mobileApp/book-luck-app/ios/Runner/AppDelegate.swift:10:5: Cannot find 'GeneratedPluginRegistrant' in scope



Build failed    29/04/2025, 4:06â€¯PM    5.8 seconds
